<!DOCTYPE mapper
    PUBLIC "-//mybatis.org//DTD Mapper 3.0//EN"
    "https://mybatis.org/dtd/mybatis-3-mapper.dtd">

<mapper namespace="testMember">

    <select id="insertMember" parameterType="mDTO" resultType="Integer">
        insert into member (memberid,name,pw,phone,email,regtime)  values (#{memberid}, #{name}, #{pw}, #{phone}, #{email}, #{regtime});
    </select>    

</mapper>